[INFO] Scanning for projects...
[INFO]                                                                         
[INFO] ------------------------------------------------------------------------
[INFO] Building lunarnote 1.0-SNAPSHOT
[INFO] ------------------------------------------------------------------------
[INFO] 
[INFO] --- maven-resources-plugin:2.6:resources (default-resources) @ lunarnote ---
[INFO] Using 'UTF-8' encoding to copy filtered resources.
[INFO] Copying 0 resource
[INFO] Copying 6 resources
[INFO] 
[INFO] --- maven-compiler-plugin:3.1:compile (default-compile) @ lunarnote ---
[INFO] Changes detected - recompiling the module!
[INFO] Compiling 4 source files to C:\Users\BI77\Documents\itr_n_chg\itr-lunar_note_web_portal\LunarNote\target\classes
[INFO] 
[INFO] --- maven-resources-plugin:2.6:testResources (default-testResources) @ lunarnote ---
[INFO] Using 'UTF-8' encoding to copy filtered resources.
[INFO] skip non existing resourceDirectory C:\Users\BI77\Documents\itr_n_chg\itr-lunar_note_web_portal\LunarNote\src\test\resources
[INFO] 
[INFO] --- maven-compiler-plugin:3.1:testCompile (default-testCompile) @ lunarnote ---
[INFO] Nothing to compile - all classes are up to date
[INFO] 
[INFO] --- maven-surefire-plugin:2.18.1:test (default-test) @ lunarnote ---
[INFO] Surefire report directory: C:\Users\BI77\Documents\itr_n_chg\itr-lunar_note_web_portal\LunarNote\target\surefire-reports

-------------------------------------------------------
 T E S T S
-------------------------------------------------------
Running com.bcm.lunarnote.AppTest
Tests run: 1, Failures: 0, Errors: 0, Skipped: 0, Time elapsed: 0 sec - in com.bcm.lunarnote.AppTest
Running com.bcm.lunarnote.AS400ToolkitTest
00000010
00000001
01100001
00000001
10011111
00000000
00000000
00000000
Tests run: 1, Failures: 1, Errors: 0, Skipped: 0, Time elapsed: 0.218 sec <<< FAILURE! - in com.bcm.lunarnote.AS400ToolkitTest
testGetICBSDate(com.bcm.lunarnote.AS400ToolkitTest)  Time elapsed: 0.218 sec  <<< FAILURE!
java.lang.AssertionError: expected:<0> but was:<20161020>
	at org.junit.Assert.fail(Assert.java:88)
	at org.junit.Assert.failNotEquals(Assert.java:834)
	at org.junit.Assert.assertEquals(Assert.java:645)
	at org.junit.Assert.assertEquals(Assert.java:631)
	at com.bcm.lunarnote.AS400ToolkitTest.testGetICBSDate(AS400ToolkitTest.java:18)


Results :

Failed tests: 
  AS400ToolkitTest.testGetICBSDate:18 expected:<0> but was:<20161020>

Tests run: 2, Failures: 1, Errors: 0, Skipped: 0

[INFO] ------------------------------------------------------------------------
[INFO] BUILD FAILURE
[INFO] ------------------------------------------------------------------------
[INFO] Total time: 3.373 s
[INFO] Finished at: 2016-10-20T11:30:52+08:00
[INFO] Final Memory: 19M/46M
[INFO] ------------------------------------------------------------------------
[ERROR] Failed to execute goal org.apache.maven.plugins:maven-surefire-plugin:2.18.1:test (default-test) on project lunarnote: There are test failures.
[ERROR] 
[ERROR] Please refer to C:\Users\BI77\Documents\itr_n_chg\itr-lunar_note_web_portal\LunarNote\target\surefire-reports for the individual test results.
[ERROR] -> [Help 1]
[ERROR] 
[ERROR] To see the full stack trace of the errors, re-run Maven with the -e switch.
[ERROR] Re-run Maven using the -X switch to enable full debug logging.
[ERROR] 
[ERROR] For more information about the errors and possible solutions, please read the following articles:
[ERROR] [Help 1] http://cwiki.apache.org/confluence/display/MAVEN/MojoFailureException
